0 info it worked if it ends with ok
1 verbose cli [ '/Users/juri/.nvm/versions/node/v4.2.2/bin/node',
1 verbose cli   '/Users/juri/.nvm/versions/node/v4.2.2/bin/npm',
1 verbose cli   'run',
1 verbose cli   'tsc' ]
2 info using npm@3.5.0
3 info using node@v4.2.2
4 verbose run-script [ 'pretsc', 'tsc', 'posttsc' ]
5 info lifecycle angular2-hello-world@0.0.1~pretsc: angular2-hello-world@0.0.1
6 silly lifecycle angular2-hello-world@0.0.1~pretsc: no script for pretsc, continuing
7 info lifecycle angular2-hello-world@0.0.1~tsc: angular2-hello-world@0.0.1
8 verbose lifecycle angular2-hello-world@0.0.1~tsc: unsafe-perm in lifecycle true
9 verbose lifecycle angular2-hello-world@0.0.1~tsc: PATH: /Users/juri/.nvm/versions/node/v4.2.2/lib/node_modules/npm/bin/node-gyp-bin:/Users/juri/coding/packtpub-angular2/code/node_modules/.bin:/Users/juri/.nvm/versions/node/v4.2.2/bin:./bin:/usr/local/bin:/usr/local/sbin:/Users/juri/.dotfiles/bin:/Users/juri/.rbenv/shims:/Users/juri/coding/go/bin:/usr/local/bin:/usr/bin:/bin:/usr/sbin:/sbin:/usr/local/git/bin:/Users/juri/Library/android-sdk-macosx/platform-tools/:/Users/juri/Library/android-sdk-macosx/tools
10 verbose lifecycle angular2-hello-world@0.0.1~tsc: CWD: /Users/juri/coding/packtpub-angular2/code
11 silly lifecycle angular2-hello-world@0.0.1~tsc: Args: [ '-c', 'tsc --project src --watch' ]
12 silly lifecycle angular2-hello-world@0.0.1~tsc: Returned: code: 1  signal: null
13 info lifecycle angular2-hello-world@0.0.1~tsc: Failed to exec tsc script
14 verbose stack Error: angular2-hello-world@0.0.1 tsc: `tsc --project src --watch`
14 verbose stack Exit status 1
14 verbose stack     at EventEmitter.<anonymous> (/Users/juri/.nvm/versions/node/v4.2.2/lib/node_modules/npm/lib/utils/lifecycle.js:232:16)
14 verbose stack     at emitTwo (events.js:87:13)
14 verbose stack     at EventEmitter.emit (events.js:172:7)
14 verbose stack     at ChildProcess.<anonymous> (/Users/juri/.nvm/versions/node/v4.2.2/lib/node_modules/npm/lib/utils/spawn.js:24:14)
14 verbose stack     at emitTwo (events.js:87:13)
14 verbose stack     at ChildProcess.emit (events.js:172:7)
14 verbose stack     at maybeClose (internal/child_process.js:818:16)
14 verbose stack     at Process.ChildProcess._handle.onexit (internal/child_process.js:211:5)
15 verbose pkgid angular2-hello-world@0.0.1
16 verbose cwd /Users/juri/coding/packtpub-angular2/code
17 error Darwin 15.2.0
18 error argv "/Users/juri/.nvm/versions/node/v4.2.2/bin/node" "/Users/juri/.nvm/versions/node/v4.2.2/bin/npm" "run" "tsc"
19 error node v4.2.2
20 error npm  v3.5.0
21 error code ELIFECYCLE
22 error angular2-hello-world@0.0.1 tsc: `tsc --project src --watch`
22 error Exit status 1
23 error Failed at the angular2-hello-world@0.0.1 tsc script 'tsc --project src --watch'.
23 error Make sure you have the latest version of node.js and npm installed.
23 error If you do, this is most likely a problem with the angular2-hello-world package,
23 error not with npm itself.
23 error Tell the author that this fails on your system:
23 error     tsc --project src --watch
23 error You can get their info via:
23 error     npm owner ls angular2-hello-world
23 error There is likely additional logging output above.
24 verbose exit [ 1, true ]
